2024-08-25 22:31:16 [main] INFO  m.a.AuditoriumUpdateServiceApplication - Starting AuditoriumUpdateServiceApplication using Java 17.0.7 with PID 13116 (C:\Users\sasha\OneDrive\Рабочий стол\Итог\Final\Rabbit-Solr-Service\AuditoriumUpdateService\target\classes started by sasha in C:\Users\sasha\OneDrive\Рабочий стол\Итог\Final\Rabbit-Solr-Service\AuditoriumUpdateService)
2024-08-25 22:31:16 [main] INFO  m.a.AuditoriumUpdateServiceApplication - No active profile set, falling back to 1 default profile: "default"
2024-08-25 22:31:17 [main] INFO  o.s.a.r.c.CachingConnectionFactory - Attempting to connect to: localhost:5672
2024-08-25 22:31:17 [main] INFO  o.s.a.r.c.CachingConnectionFactory - Created new connection: connectionFactory#7a8136b3:0/SimpleConnection@351f2244 [delegate=amqp://guest@127.0.0.1:5672/, localPort=55412]
2024-08-25 22:31:17 [main] INFO  o.s.amqp.rabbit.core.RabbitAdmin - Auto-declaring a non-durable, auto-delete, or exclusive Queue (request_queue) durable:false, auto-delete:false, exclusive:false. It will be redeclared if the broker stops and is restarted while the connection factory is alive, but all messages will be lost.
2024-08-25 22:31:18 [main] INFO  m.a.AuditoriumUpdateServiceApplication - Started AuditoriumUpdateServiceApplication in 2.431 seconds (process running for 3.247)
2024-08-25 22:31:18 [scheduling-1] INFO  m.a.services.RabbitSender - Request sent to queue: request_queue
2024-08-25 22:31:18 [org.springframework.amqp.rabbit.RabbitListenerEndpointContainer#0-1] INFO  m.a.services.RabbitReceiver - Id сообщения: 0c4b2fee-35ee-4afd-a947-5cf548915aff, Время: 2024-08-25T19:31:18.239754400Z, Статус: Успешно обработано
2024-08-25 22:31:18 [org.springframework.amqp.rabbit.RabbitListenerEndpointContainer#0-1] WARN  m.a.services.ValidationService - Validation Error: Missing or empty field 'number' for auditorium: Auditorium(id=e0192188-5f21-8mn3-2f4g-1911i5jk32e7, number=, name=Аудитория без номера, building=корпус №10, type=аудитория, purpose=Для общих целей, department=Социология, canEdit=false)
2024-08-25 22:31:18 [org.springframework.amqp.rabbit.RabbitListenerEndpointContainer#0-1] WARN  m.a.services.RabbitReceiver - Id сообщения: 0c4b2fee-35ee-4afd-a947-5cf548915aff, Время: 2024-08-25T19:31:18.239754400Z, Статус: Ошибка ФЛК (Не проходят валидацию обязательные поля)
2024-08-25 22:31:18 [org.springframework.amqp.rabbit.RabbitListenerEndpointContainer#0-1] WARN  m.a.services.ValidationService - Validation Error: Missing or empty field 'id' for auditorium: Auditorium(id=null, number=null, name=Некорректная аудитория без ID и номера, building=корпус №11, type=спортивная, purpose=Для занятий спортом, department=Физическая культура, canEdit=false)
2024-08-25 22:31:18 [org.springframework.amqp.rabbit.RabbitListenerEndpointContainer#0-1] WARN  m.a.services.RabbitReceiver - Id сообщения: 0c4b2fee-35ee-4afd-a947-5cf548915aff, Время: 2024-08-25T19:31:18.239754400Z, Статус: Ошибка ФЛК (Не проходят валидацию обязательные поля)
2024-08-25 22:31:28 [scheduling-1] INFO  m.a.services.RabbitSender - Request sent to queue: request_queue
2024-08-25 22:31:28 [org.springframework.amqp.rabbit.RabbitListenerEndpointContainer#0-1] INFO  m.a.services.RabbitReceiver - Id сообщения: c7541b5c-65fd-48ec-89b5-17b43a225587, Время: 2024-08-25T19:31:28.207451400Z, Статус: Успешно обработано
2024-08-25 22:31:28 [org.springframework.amqp.rabbit.RabbitListenerEndpointContainer#0-1] INFO  m.a.services.RabbitReceiver - Id сообщения: c7541b5c-65fd-48ec-89b5-17b43a225587, Время: 2024-08-25T19:31:28.207451400Z, Статус: Успешно обработано
2024-08-25 22:31:38 [scheduling-1] INFO  m.a.services.RabbitSender - Request sent to queue: request_queue
2024-08-25 22:31:38 [org.springframework.amqp.rabbit.RabbitListenerEndpointContainer#0-1] WARN  m.a.services.ValidationService - Validation Error: Missing or empty field 'id' for auditorium: Auditorium(id=null, number=null, name=Аудитория без ID, building=корпус №1, type=учебная, purpose=Для проведения семинаров, department=Математика, canEdit=false)
2024-08-25 22:31:38 [org.springframework.amqp.rabbit.RabbitListenerEndpointContainer#0-1] WARN  m.a.services.RabbitReceiver - Id сообщения: 609aa1f6-72ba-45a4-97ad-925d8b7c25a7, Время: 2024-08-25T19:31:38.223765100Z, Статус: Ошибка ФЛК (Не проходят валидацию обязательные поля)
2024-08-25 22:31:38 [org.springframework.amqp.rabbit.RabbitListenerEndpointContainer#0-1] WARN  m.a.services.ValidationService - Validation Error: Missing or empty field 'number' for auditorium: Auditorium(id=c8990067-3d19-6ij1-0d2e-9799g3gh10c5, number=null, name=Аудитория без номера, building=корпус №2, type=компьютерный класс, purpose=Для проведения компьютерных занятий, department=Информатика, canEdit=false)
2024-08-25 22:31:38 [org.springframework.amqp.rabbit.RabbitListenerEndpointContainer#0-1] WARN  m.a.services.RabbitReceiver - Id сообщения: 609aa1f6-72ba-45a4-97ad-925d8b7c25a7, Время: 2024-08-25T19:31:38.223765100Z, Статус: Ошибка ФЛК (Не проходят валидацию обязательные поля)
2024-08-25 22:31:48 [scheduling-1] INFO  m.a.services.RabbitSender - Request sent to queue: request_queue
2024-08-25 22:31:48 [org.springframework.amqp.rabbit.RabbitListenerEndpointContainer#0-1] INFO  m.a.services.RabbitReceiver - Id сообщения: 973c8a5a-6a13-4345-a6e1-6985350e6d4a, Время: 2024-08-25T19:31:48.235493300Z, Статус: Успешно обработано
2024-08-25 22:31:48 [org.springframework.amqp.rabbit.RabbitListenerEndpointContainer#0-1] WARN  m.a.services.ValidationService - Validation Error: Missing or empty field 'number' for auditorium: Auditorium(id=e0192188-5f21-8mn3-2f4g-1911i5jk32e7, number=, name=Аудитория без номера, building=корпус №10, type=аудитория, purpose=Для общих целей, department=Социология, canEdit=false)
2024-08-25 22:31:48 [org.springframework.amqp.rabbit.RabbitListenerEndpointContainer#0-1] WARN  m.a.services.RabbitReceiver - Id сообщения: 973c8a5a-6a13-4345-a6e1-6985350e6d4a, Время: 2024-08-25T19:31:48.235493300Z, Статус: Ошибка ФЛК (Не проходят валидацию обязательные поля)
2024-08-25 22:31:48 [org.springframework.amqp.rabbit.RabbitListenerEndpointContainer#0-1] WARN  m.a.services.ValidationService - Validation Error: Missing or empty field 'id' for auditorium: Auditorium(id=null, number=null, name=Некорректная аудитория без ID и номера, building=корпус №11, type=спортивная, purpose=Для занятий спортом, department=Физическая культура, canEdit=false)
2024-08-25 22:31:48 [org.springframework.amqp.rabbit.RabbitListenerEndpointContainer#0-1] WARN  m.a.services.RabbitReceiver - Id сообщения: 973c8a5a-6a13-4345-a6e1-6985350e6d4a, Время: 2024-08-25T19:31:48.235493300Z, Статус: Ошибка ФЛК (Не проходят валидацию обязательные поля)
2024-08-25 22:31:49 [org.springframework.amqp.rabbit.RabbitListenerEndpointContainer#0-2] INFO  o.s.a.r.l.SimpleMessageListenerContainer - Waiting for workers to finish.
2024-08-25 22:31:50 [org.springframework.amqp.rabbit.RabbitListenerEndpointContainer#0-2] INFO  o.s.a.r.l.SimpleMessageListenerContainer - Successfully waited for workers to finish.
