2024-08-29 16:56:07 [main] INFO  m.a.AuditoriumUpdateServiceApplication - Starting AuditoriumUpdateServiceApplication using Java 17.0.7 with PID 10088 (C:\Users\sasha\OneDrive\Рабочий стол\Итог\Final\Rabbit-Solr-Service\AuditoriumUpdateService\target\classes started by sasha in C:\Users\sasha\OneDrive\Рабочий стол\Итог\Final\Rabbit-Solr-Service\AuditoriumUpdateService)
2024-08-29 16:56:07 [main] INFO  m.a.AuditoriumUpdateServiceApplication - No active profile set, falling back to 1 default profile: "default"
2024-08-29 16:56:08 [main] INFO  o.s.a.r.c.CachingConnectionFactory - Attempting to connect to: localhost:5672
2024-08-29 16:56:08 [main] INFO  o.s.a.r.c.CachingConnectionFactory - Created new connection: connectionFactory#c1fa7d4:0/SimpleConnection@3d8b319e [delegate=amqp://guest@127.0.0.1:5672/, localPort=51595]
2024-08-29 16:56:08 [main] INFO  o.s.amqp.rabbit.core.RabbitAdmin - Auto-declaring a non-durable, auto-delete, or exclusive Queue (request_queue) durable:false, auto-delete:false, exclusive:false. It will be redeclared if the broker stops and is restarted while the connection factory is alive, but all messages will be lost.
2024-08-29 16:56:09 [main] INFO  m.a.AuditoriumUpdateServiceApplication - Started AuditoriumUpdateServiceApplication in 2.228 seconds (process running for 2.997)
2024-08-29 16:56:09 [scheduling-1] INFO  m.a.services.RabbitSender - Request sent to queue: request_queue
2024-08-29 16:56:09 [org.springframework.amqp.rabbit.RabbitListenerEndpointContainer#0-1] INFO  m.a.services.RabbitReceiver - Id сообщения: 41688b84-9c67-4543-b169-c86a74cef519, Время: 2024-08-29T13:56:09.542996100Z, Статус: Успешно обработано
2024-08-29 16:56:09 [org.springframework.amqp.rabbit.RabbitListenerEndpointContainer#0-1] INFO  m.a.services.RabbitReceiver - Id сообщения: 41688b84-9c67-4543-b169-c86a74cef519, Время: 2024-08-29T13:56:09.542996100Z, Статус: Успешно обработано
2024-08-29 16:56:19 [scheduling-1] INFO  m.a.services.RabbitSender - Request sent to queue: request_queue
2024-08-29 16:56:19 [org.springframework.amqp.rabbit.RabbitListenerEndpointContainer#0-1] WARN  m.a.services.ValidationService - Validation Error: Missing or empty field 'id' for auditorium: Auditorium(id=null, number=null, name=Аудитория без ID, building=корпус №1, type=учебная, purpose=Для проведения семинаров, department=Математика, canEdit=false)
2024-08-29 16:56:19 [org.springframework.amqp.rabbit.RabbitListenerEndpointContainer#0-1] WARN  m.a.services.RabbitReceiver - Id сообщения: c087f32a-3d12-4cae-8c61-af3849abcc61, Время: 2024-08-29T13:56:19.481506Z, Статус: Ошибка ФЛК (Не проходят валидацию обязательные поля)
2024-08-29 16:56:19 [org.springframework.amqp.rabbit.RabbitListenerEndpointContainer#0-1] WARN  m.a.services.ValidationService - Validation Error: Missing or empty field 'number' for auditorium: Auditorium(id=c8990067-3d19-6ij1-0d2e-9799g3gh10c5, number=null, name=Аудитория без номера, building=корпус №2, type=компьютерный класс, purpose=Для проведения компьютерных занятий, department=Информатика, canEdit=false)
2024-08-29 16:56:19 [org.springframework.amqp.rabbit.RabbitListenerEndpointContainer#0-1] WARN  m.a.services.RabbitReceiver - Id сообщения: c087f32a-3d12-4cae-8c61-af3849abcc61, Время: 2024-08-29T13:56:19.481506Z, Статус: Ошибка ФЛК (Не проходят валидацию обязательные поля)
2024-08-29 16:56:29 [scheduling-1] INFO  m.a.services.RabbitSender - Request sent to queue: request_queue
2024-08-29 16:56:29 [org.springframework.amqp.rabbit.RabbitListenerEndpointContainer#0-1] INFO  m.a.services.RabbitReceiver - Id сообщения: 4b66c732-1f8c-4315-aa76-13742f8d4a7b, Время: 2024-08-29T13:56:29.490117Z, Статус: Успешно обработано
2024-08-29 16:56:29 [org.springframework.amqp.rabbit.RabbitListenerEndpointContainer#0-1] WARN  m.a.services.ValidationService - Validation Error: Missing or empty field 'number' for auditorium: Auditorium(id=e0192188-5f21-8mn3-2f4g-1911i5jk32e7, number=, name=Аудитория без номера, building=корпус №10, type=аудитория, purpose=Для общих целей, department=Социология, canEdit=false)
2024-08-29 16:56:29 [org.springframework.amqp.rabbit.RabbitListenerEndpointContainer#0-1] WARN  m.a.services.RabbitReceiver - Id сообщения: 4b66c732-1f8c-4315-aa76-13742f8d4a7b, Время: 2024-08-29T13:56:29.490117Z, Статус: Ошибка ФЛК (Не проходят валидацию обязательные поля)
2024-08-29 16:56:29 [org.springframework.amqp.rabbit.RabbitListenerEndpointContainer#0-1] WARN  m.a.services.ValidationService - Validation Error: Missing or empty field 'id' for auditorium: Auditorium(id=null, number=null, name=Некорректная аудитория без ID и номера, building=корпус №11, type=спортивная, purpose=Для занятий спортом, department=Физическая культура, canEdit=false)
2024-08-29 16:56:29 [org.springframework.amqp.rabbit.RabbitListenerEndpointContainer#0-1] WARN  m.a.services.RabbitReceiver - Id сообщения: 4b66c732-1f8c-4315-aa76-13742f8d4a7b, Время: 2024-08-29T13:56:29.490117Z, Статус: Ошибка ФЛК (Не проходят валидацию обязательные поля)
2024-08-29 16:56:31 [org.springframework.amqp.rabbit.RabbitListenerEndpointContainer#0-2] INFO  o.s.a.r.l.SimpleMessageListenerContainer - Waiting for workers to finish.
2024-08-29 16:56:31 [org.springframework.amqp.rabbit.RabbitListenerEndpointContainer#0-2] INFO  o.s.a.r.l.SimpleMessageListenerContainer - Successfully waited for workers to finish.
